<?xml version="1.0" encoding="UTF-8"?>
<!-- Generated by org.testng.reporters.JUnitXMLReporter -->
<testsuite hostname="SC-201708241537" name="Test" tests="1" failures="1" timestamp="5 Sep 2017 07:16:34 GMT" time="35.878" errors="0">
  <testcase name="test_account_center_msg_search" time="30.992" classname="testcases.account_center.test_case_022_account_center_msg_search">
    <failure type="java.lang.ArrayIndexOutOfBoundsException" message="-3">
      <![CDATA[java.lang.ArrayIndexOutOfBoundsException: -3
	at java.util.ArrayList.elementData(ArrayList.java:400)
	at java.util.ArrayList.get(ArrayList.java:413)
	at pages.base.base_page.third_last_pageNum1(base_page.java:88)
	at pages.base.base_page.page_number(base_page.java:64)
	at testcases.account_center.test_case_022_account_center_msg_search.test_account_center_msg_search(test_case_022_account_center_msg_search.java:30)
... Removed 23 stack frames]]>
    </failure>
  </testcase> <!-- test_account_center_msg_search -->
</testsuite> <!-- Test -->
