<?xml version="1.0" encoding="UTF-8"?>
<testng-results skipped="0" failed="0" total="1" passed="1">
  <reporter-output>
  </reporter-output>
  <suite name="Default suite" duration-ms="19770" started-at="2017-10-03T02:33:06Z" finished-at="2017-10-03T02:33:25Z">
    <groups>
    </groups>
    <test name="Default test" duration-ms="19770" started-at="2017-10-03T02:33:06Z" finished-at="2017-10-03T02:33:25Z">
      <class name="testcases.AccountCenter.TestCase026EditFictionsAccount">
        <test-method status="PASS" signature="setUp()[pri:0, instance:testcases.AccountCenter.TestCase026EditFictionsAccount@32f6c059]" name="setUp" is-config="true" duration-ms="7590" started-at="2017-10-03T10:33:06Z" finished-at="2017-10-03T10:33:13Z">
          <reporter-output>
          </reporter-output>
        </test-method> <!-- setUp -->
        <test-method status="PASS" signature="testEditFictionsAccount()[pri:0, instance:testcases.AccountCenter.TestCase026EditFictionsAccount@32f6c059]" name="testEditFictionsAccount" duration-ms="11018" started-at="2017-10-03T10:33:13Z" finished-at="2017-10-03T10:33:24Z">
          <reporter-output>
          </reporter-output>
        </test-method> <!-- testEditFictionsAccount -->
        <test-method status="PASS" signature="tearDown()[pri:0, instance:testcases.AccountCenter.TestCase026EditFictionsAccount@32f6c059]" name="tearDown" is-config="true" duration-ms="1106" started-at="2017-10-03T10:33:24Z" finished-at="2017-10-03T10:33:25Z">
          <reporter-output>
          </reporter-output>
        </test-method> <!-- tearDown -->
      </class> <!-- testcases.AccountCenter.TestCase026EditFictionsAccount -->
    </test> <!-- Default test -->
  </suite> <!-- Default suite -->
</testng-results>
