<?xml version="1.0" encoding="UTF-8"?>
<!-- Generated by org.testng.reporters.JUnitReportReporter -->
<testsuite hostname="SC-201708241537" name="testcases.account_center.test_case_020_account_center_msg_unread" tests="1" failures="0" timestamp="7 Sep 2017 09:31:11 GMT" time="49.536" errors="0">
  <testcase name="test_account_center_msg_unread" time="49.536" classname="testcases.account_center.test_case_020_account_center_msg_unread"/>
</testsuite> <!-- testcases.account_center.test_case_020_account_center_msg_unread -->
