<?xml version="1.0" encoding="UTF-8"?>
<!-- Generated by org.testng.reporters.JUnitReportReporter -->
<testsuite hostname="SC-201708241537" name="testcases.account_center.TestCase023FictiousAccountVerify" tests="1" failures="0" timestamp="9 Sep 2017 15:44:09 GMT" time="20.599" errors="0">
  <testcase name="testFictiousAccountVerify" time="20.599" classname="testcases.account_center.TestCase023FictiousAccountVerify"/>
</testsuite> <!-- testcases.account_center.TestCase023FictiousAccountVerify -->
