<?xml version="1.0" encoding="UTF-8"?>
<!-- Generated by org.testng.reporters.JUnitReportReporter -->
<testsuite hostname="SC-201708241537" name="testcases.account_center.test_case_021_account_center_msg_set_read" tests="1" failures="0" timestamp="8 Sep 2017 06:46:37 GMT" time="45.458" errors="0">
  <testcase name="test_account_center_msg_set_read" time="45.458" classname="testcases.account_center.test_case_021_account_center_msg_set_read"/>
</testsuite> <!-- testcases.account_center.test_case_021_account_center_msg_set_read -->
